Job ID: 3424
Node: node021 echo Starting: 04/03/24 18:14:58
/storage/homes/jhackney/thesis-election-systems/election-system-polarization/.venv/lib64/python3.9/site-packages/networkx/utils/backends.py:135: RuntimeWarning: networkx backend defined more than once: nx-loopback
  backends.update(_get_backends("networkx.backends"))
/storage/homes/jhackney/thesis-election-systems/election-system-polarization/model.py:119: UserWarning: You are trying to set model.agents. In a next release, this attribute is used by MESA itself so you cannot use it directly anymore.Please adjust your code to use a different attribute name for custom agent storage
  self.agents = {}
/storage/homes/jhackney/thesis-election-systems/election-system-polarization/.venv/lib64/python3.9/site-packages/mesa/time.py:82: FutureWarning: The AgentSet is experimental. It may be changed or removed in any and all future releases, including patch releases.
We would love to hear what you think about this new feature. If you have any thoughts, share them with us here: https://github.com/projectmesa/mesa/discussions/1919
  self._agents: AgentSet = AgentSet(agents, model)
/storage/homes/jhackney/thesis-election-systems/election-system-polarization/model.py:119: UserWarning: You are trying to set model.agents. In a next release, this attribute is used by MESA itself so you cannot use it directly anymore.Please adjust your code to use a different attribute name for custom agent storage
  self.agents = {}
/storage/homes/jhackney/thesis-election-systems/election-system-polarization/model.py:119: UserWarning: You are trying to set model.agents. In a next release, this attribute is used by MESA itself so you cannot use it directly anymore.Please adjust your code to use a different attribute name for custom agent storage
  self.agents = {}
/storage/homes/jhackney/thesis-election-systems/election-system-polarization/model.py:119: UserWarning: You are trying to set model.agents. In a next release, this attribute is used by MESA itself so you cannot use it directly anymore.Please adjust your code to use a different attribute name for custom agent storage
  self.agents = {}
/storage/homes/jhackney/thesis-election-systems/election-system-polarization/model.py:119: UserWarning: You are trying to set model.agents. In a next release, this attribute is used by MESA itself so you cannot use it directly anymore.Please adjust your code to use a different attribute name for custom agent storage
  self.agents = {}
/storage/homes/jhackney/thesis-election-systems/election-system-polarization/model.py:119: UserWarning: You are trying to set model.agents. In a next release, this attribute is used by MESA itself so you cannot use it directly anymore.Please adjust your code to use a different attribute name for custom agent storage
  self.agents = {}
/storage/homes/jhackney/thesis-election-systems/election-system-polarization/model.py:119: UserWarning: You are trying to set model.agents. In a next release, this attribute is used by MESA itself so you cannot use it directly anymore.Please adjust your code to use a different attribute name for custom agent storage
  self.agents = {}
/storage/homes/jhackney/thesis-election-systems/election-system-polarization/model.py:119: UserWarning: You are trying to set model.agents. In a next release, this attribute is used by MESA itself so you cannot use it directly anymore.Please adjust your code to use a different attribute name for custom agent storage
  self.agents = {}
/storage/homes/jhackney/thesis-election-systems/election-system-polarization/model.py:119: UserWarning: You are trying to set model.agents. In a next release, this attribute is used by MESA itself so you cannot use it directly anymore.Please adjust your code to use a different attribute name for custom agent storage
  self.agents = {}
/storage/homes/jhackney/thesis-election-systems/election-system-polarization/model.py:119: UserWarning: You are trying to set model.agents. In a next release, this attribute is used by MESA itself so you cannot use it directly anymore.Please adjust your code to use a different attribute name for custom agent storage
  self.agents = {}
/storage/homes/jhackney/thesis-election-systems/election-system-polarization/model.py:119: UserWarning: You are trying to set model.agents. In a next release, this attribute is used by MESA itself so you cannot use it directly anymore.Please adjust your code to use a different attribute name for custom agent storage
  self.agents = {}
/storage/homes/jhackney/thesis-election-systems/election-system-polarization/model.py:119: UserWarning: You are trying to set model.agents. In a next release, this attribute is used by MESA itself so you cannot use it directly anymore.Please adjust your code to use a different attribute name for custom agent storage
  self.agents = {}
/storage/homes/jhackney/thesis-election-systems/election-system-polarization/model.py:119: UserWarning: You are trying to set model.agents. In a next release, this attribute is used by MESA itself so you cannot use it directly anymore.Please adjust your code to use a different attribute name for custom agent storage
  self.agents = {}
/storage/homes/jhackney/thesis-election-systems/election-system-polarization/model.py:119: UserWarning: You are trying to set model.agents. In a next release, this attribute is used by MESA itself so you cannot use it directly anymore.Please adjust your code to use a different attribute name for custom agent storage
  self.agents = {}
/storage/homes/jhackney/thesis-election-systems/election-system-polarization/model.py:119: UserWarning: You are trying to set model.agents. In a next release, this attribute is used by MESA itself so you cannot use it directly anymore.Please adjust your code to use a different attribute name for custom agent storage
  self.agents = {}
/storage/homes/jhackney/thesis-election-systems/election-system-polarization/model.py:119: UserWarning: You are trying to set model.agents. In a next release, this attribute is used by MESA itself so you cannot use it directly anymore.Please adjust your code to use a different attribute name for custom agent storage
  self.agents = {}
/storage/homes/jhackney/thesis-election-systems/election-system-polarization/model.py:119: UserWarning: You are trying to set model.agents. In a next release, this attribute is used by MESA itself so you cannot use it directly anymore.Please adjust your code to use a different attribute name for custom agent storage
  self.agents = {}
/storage/homes/jhackney/thesis-election-systems/election-system-polarization/model.py:119: UserWarning: You are trying to set model.agents. In a next release, this attribute is used by MESA itself so you cannot use it directly anymore.Please adjust your code to use a different attribute name for custom agent storage
  self.agents = {}
/storage/homes/jhackney/thesis-election-systems/election-system-polarization/model.py:119: UserWarning: You are trying to set model.agents. In a next release, this attribute is used by MESA itself so you cannot use it directly anymore.Please adjust your code to use a different attribute name for custom agent storage
  self.agents = {}
/storage/homes/jhackney/thesis-election-systems/election-system-polarization/model.py:119: UserWarning: You are trying to set model.agents. In a next release, this attribute is used by MESA itself so you cannot use it directly anymore.Please adjust your code to use a different attribute name for custom agent storage
  self.agents = {}
/storage/homes/jhackney/thesis-election-systems/election-system-polarization/model.py:119: UserWarning: You are trying to set model.agents. In a next release, this attribute is used by MESA itself so you cannot use it directly anymore.Please adjust your code to use a different attribute name for custom agent storage
  self.agents = {}
/storage/homes/jhackney/thesis-election-systems/election-system-polarization/model.py:119: UserWarning: You are trying to set model.agents. In a next release, this attribute is used by MESA itself so you cannot use it directly anymore.Please adjust your code to use a different attribute name for custom agent storage
  self.agents = {}
/storage/homes/jhackney/thesis-election-systems/election-system-polarization/model.py:119: UserWarning: You are trying to set model.agents. In a next release, this attribute is used by MESA itself so you cannot use it directly anymore.Please adjust your code to use a different attribute name for custom agent storage
  self.agents = {}
/storage/homes/jhackney/thesis-election-systems/election-system-polarization/model.py:119: UserWarning: You are trying to set model.agents. In a next release, this attribute is used by MESA itself so you cannot use it directly anymore.Please adjust your code to use a different attribute name for custom agent storage
  self.agents = {}
/storage/homes/jhackney/thesis-election-systems/election-system-polarization/model.py:119: UserWarning: You are trying to set model.agents. In a next release, this attribute is used by MESA itself so you cannot use it directly anymore.Please adjust your code to use a different attribute name for custom agent storage
  self.agents = {}
/storage/homes/jhackney/thesis-election-systems/election-system-polarization/model.py:119: UserWarning: You are trying to set model.agents. In a next release, this attribute is used by MESA itself so you cannot use it directly anymore.Please adjust your code to use a different attribute name for custom agent storage
  self.agents = {}
/storage/homes/jhackney/thesis-election-systems/election-system-polarization/model.py:119: UserWarning: You are trying to set model.agents. In a next release, this attribute is used by MESA itself so you cannot use it directly anymore.Please adjust your code to use a different attribute name for custom agent storage
  self.agents = {}
/storage/homes/jhackney/thesis-election-systems/election-system-polarization/model.py:119: UserWarning: You are trying to set model.agents. In a next release, this attribute is used by MESA itself so you cannot use it directly anymore.Please adjust your code to use a different attribute name for custom agent storage
  self.agents = {}
/storage/homes/jhackney/thesis-election-systems/election-system-polarization/model.py:119: UserWarning: You are trying to set model.agents. In a next release, this attribute is used by MESA itself so you cannot use it directly anymore.Please adjust your code to use a different attribute name for custom agent storage
  self.agents = {}
/storage/homes/jhackney/thesis-election-systems/election-system-polarization/model.py:119: UserWarning: You are trying to set model.agents. In a next release, this attribute is used by MESA itself so you cannot use it directly anymore.Please adjust your code to use a different attribute name for custom agent storage
  self.agents = {}
/storage/homes/jhackney/thesis-election-systems/election-system-polarization/model.py:119: UserWarning: You are trying to set model.agents. In a next release, this attribute is used by MESA itself so you cannot use it directly anymore.Please adjust your code to use a different attribute name for custom agent storage
  self.agents = {}
/storage/homes/jhackney/thesis-election-systems/election-system-polarization/model.py:119: UserWarning: You are trying to set model.agents. In a next release, this attribute is used by MESA itself so you cannot use it directly anymore.Please adjust your code to use a different attribute name for custom agent storage
  self.agents = {}
Traceback (most recent call last):
  File "/storage/homes/jhackney/thesis-election-systems/election-system-polarization/run.py", line 566, in <module>
    main()
  File "/storage/homes/jhackney/thesis-election-systems/election-system-polarization/run.py", line 11, in main
    big_boy_sweeps()
  File "/storage/homes/jhackney/thesis-election-systems/election-system-polarization/run.py", line 84, in big_boy_sweeps
    sweep_gamma_beta(
  File "/storage/homes/jhackney/thesis-election-systems/election-system-polarization/run.py", line 328, in sweep_gamma_beta
    exit_probability_decrease_factor=default_params['exit_pr'],
KeyError: 'exit_pr'
Ending: 04/03/24 18:15:16
